<?xml version="1.0" encoding="UTF-8"?>
<testsuite name="GETHandlerTest" tests="1" skipped="0" failures="0" errors="0" timestamp="2020-08-03T10:46:56" hostname="MacBook-Pro-2.local" time="2.177">
  <properties/>
  <testcase name="getHandlerTestSuccess" classname="GETHandlerTest" time="2.177"/>
  <system-out><![CDATA[]]></system-out>
  <system-err><![CDATA[]]></system-err>
</testsuite>
